<?xml version="1.0" encoding="UTF-8"?>
<!-- Generated by org.testng.reporters.JUnitReportReporter -->
<testsuite skipped="0" hostname="NEWNODE64" name="com.crm.qa.tests.SignUpTest" tests="1" failures="0" timestamp="13 Aug 2018 09:18:48 GMT" time="26.141" errors="0">
  <testcase name="gotoSignUpPage" time="26.141" classname="com.crm.qa.tests.SignUpTest"/>
</testsuite> <!-- com.crm.qa.tests.SignUpTest -->
