<?xml version="1.0" encoding="UTF-8"?>
<!-- Generated by org.testng.reporters.JUnitReportReporter -->
<testsuite skipped="0" hostname="NEWNODE64" name="com.crm.qa.tests.FullFormPageTest" tests="1" failures="0" timestamp="03 Jul 2018 08:16:56 GMT" time="33.935" errors="0">
  <testcase name="feedbackFormPageTest" time="33.935" classname="com.crm.qa.tests.FullFormPageTest"/>
</testsuite> <!-- com.crm.qa.tests.FullFormPageTest -->
