<?xml version="1.0" encoding="UTF-8"?>
<!-- Generated by org.testng.reporters.JUnitReportReporter -->
<testsuite skipped="0" hostname="NEWNODE64" name="com.crm.qa.tests.LoginTest" tests="2" failures="0" timestamp="11 Jun 2018 09:39:40 GMT" time="33.043" errors="0">
  <testcase name="loginPageTitleTest" time="14.135" classname="com.crm.qa.tests.LoginTest"/>
  <testcase name="loginTest" time="18.908" classname="com.crm.qa.tests.LoginTest"/>
</testsuite> <!-- com.crm.qa.tests.LoginTest -->
