<?xml version="1.0" encoding="UTF-8"?>
<!-- Generated by org.testng.reporters.JUnitReportReporter -->
<testsuite skipped="0" hostname="NEWNODE64" name="com.qa.testng.practice2.FreeCRM" tests="1" failures="0" timestamp="25 Jul 2018 09:35:05 GMT" time="17.606" errors="0">
  <testcase name="freeCRM" time="17.606" classname="com.qa.testng.practice2.FreeCRM"/>
</testsuite> <!-- com.qa.testng.practice2.FreeCRM -->
