<?xml version="1.0" encoding="UTF-8"?>
<!-- Generated by org.testng.reporters.JUnitReportReporter -->
<testsuite skipped="0" hostname="NEWNODE64" name="com.qa.javascriptexecutor.JavaScriptExamplesinSelenium" tests="1" failures="0" timestamp="30 Jul 2018 13:41:55 GMT" time="23.049" errors="0">
  <testcase name="howToScollIntoView" time="23.049" classname="com.qa.javascriptexecutor.JavaScriptExamplesinSelenium"/>
</testsuite> <!-- com.qa.javascriptexecutor.JavaScriptExamplesinSelenium -->
