<?xml version="1.0" encoding="UTF-8"?>
<!-- Generated by org.testng.reporters.JUnitReportReporter -->
<testsuite skipped="0" hostname="NEWNODE64" name="com.qa.testng.practice2.ParallelExecutionOfMethods" tests="2" failures="0" timestamp="26 Jul 2018 08:24:49 GMT" time="0.015" errors="0">
  <testcase name="testOne" time="0.007" classname="com.qa.testng.practice2.ParallelExecutionOfMethods"/>
  <testcase name="testTwo" time="0.008" classname="com.qa.testng.practice2.ParallelExecutionOfMethods"/>
</testsuite> <!-- com.qa.testng.practice2.ParallelExecutionOfMethods -->
