<?xml version="1.0" encoding="UTF-8"?>
<!-- Generated by org.testng.reporters.JUnitReportReporter -->
<testsuite skipped="1" hostname="NEWNODE64" name="com.crm.qa.tests.DealsPageTest" tests="2" failures="0" timestamp="12 Jul 2018 13:13:23 GMT" time="17.141" errors="0">
  <testcase name="goToNewDealTest" time="17.141" classname="com.crm.qa.tests.DealsPageTest"/>
  <testcase name="gotoDealsPageTest" classname="com.crm.qa.tests.DealsPageTest">
    <skipped/>
  </testcase> <!-- gotoDealsPageTest -->
</testsuite> <!-- com.crm.qa.tests.DealsPageTest -->
