<?xml version="1.0" encoding="UTF-8"?>
<!-- Generated by org.testng.reporters.JUnitReportReporter -->
<testsuite skipped="0" hostname="NEWNODE64" name="com.qa.testng.practice2.Description" tests="3" failures="0" timestamp="25 Jul 2018 09:57:45 GMT" time="0.007" errors="0">
  <testcase name="testThree" time="0.000" classname="com.qa.testng.practice2.Description"/>
  <testcase name="testOne" time="0.006" classname="com.qa.testng.practice2.Description"/>
  <testcase name="testTwo" time="0.001" classname="com.qa.testng.practice2.Description"/>
</testsuite> <!-- com.qa.testng.practice2.Description -->
