<?xml version="1.0" encoding="UTF-8"?>
<!-- Generated by org.testng.reporters.JUnitReportReporter -->
<testsuite skipped="0" hostname="NEWNODE64" name="com.qa.testng.practice2.MethodsTest" tests="1" failures="0" timestamp="25 Jul 2018 11:56:04 GMT" time="0.006" errors="0">
  <testcase name="testTwo" time="0.006" classname="com.qa.testng.practice2.MethodsTest"/>
</testsuite> <!-- com.qa.testng.practice2.MethodsTest -->
