<?xml version="1.0" encoding="UTF-8"?>
<!-- Generated by org.testng.reporters.JUnitReportReporter -->
<testsuite skipped="0" hostname="NEWNODE64" name="com.qa.handlingwindows.HandlingAlerts" tests="1" failures="0" timestamp="28 Jun 2018 08:42:00 GMT" time="10.362" errors="0">
  <testcase name="handlingAlerts" time="10.362" classname="com.qa.handlingwindows.HandlingAlerts"/>
</testsuite> <!-- com.qa.handlingwindows.HandlingAlerts -->
