<?xml version="1.0" encoding="UTF-8"?>
<!-- Generated by org.testng.reporters.JUnitReportReporter -->
<testsuite skipped="0" hostname="NEWNODE64" name="com.qa.selenium.samples.SampleOne" tests="1" failures="0" timestamp="28 Jun 2018 07:46:14 GMT" time="19.300" errors="0">
  <testcase name="Linkstest" time="19.300" classname="com.qa.selenium.samples.SampleOne"/>
</testsuite> <!-- com.qa.selenium.samples.SampleOne -->
