<?xml version="1.0" encoding="UTF-8"?>
<!-- Generated by org.testng.reporters.JUnitReportReporter -->
<testsuite skipped="1" hostname="NEWNODE64" name="com.crm.qa.tests.ContactsPageTest" tests="2" failures="0" timestamp="16 Jul 2018 06:51:25 GMT" time="18.638" errors="0">
  <testcase name="selectContactsByNameTest" time="18.638" classname="com.crm.qa.tests.ContactsPageTest"/>
  <testcase name="verifyContactsLabelTest" classname="com.crm.qa.tests.ContactsPageTest">
    <skipped/>
  </testcase> <!-- verifyContactsLabelTest -->
</testsuite> <!-- com.crm.qa.tests.ContactsPageTest -->
