<?xml version="1.0" encoding="UTF-8"?>
<!-- Generated by org.testng.reporters.JUnitReportReporter -->
<testsuite skipped="0" hostname="NEWNODE64" name="com.qa.handlingwindowsandalerts.HandlingWindows" tests="1" failures="0" timestamp="30 Jul 2018 10:36:11 GMT" time="24.633" errors="0">
  <testcase name="handlingWindowPopups" time="24.633" classname="com.qa.handlingwindowsandalerts.HandlingWindows"/>
</testsuite> <!-- com.qa.handlingwindowsandalerts.HandlingWindows -->
