<?xml version="1.0" encoding="UTF-8"?>
<!-- Generated by org.testng.reporters.JUnitReportReporter -->
<testsuite skipped="0" hostname="NEWNODE64" name="com.qa.testng.practice2.ParallelExectionOfClasses2" tests="1" failures="0" timestamp="10 Aug 2018 09:42:26 GMT" time="0.007" errors="0">
  <testcase name="testOne" time="0.007" classname="com.qa.testng.practice2.ParallelExectionOfClasses2"/>
</testsuite> <!-- com.qa.testng.practice2.ParallelExectionOfClasses2 -->
