<?xml version="1.0" encoding="UTF-8"?>
<!-- Generated by org.testng.reporters.JUnitReportReporter -->
<testsuite skipped="0" hostname="NEWNODE64" name="com.crm.qa.tests.LoginTest" tests="2" failures="0" timestamp="16 Jul 2018 06:51:25 GMT" time="24.760" errors="0">
  <testcase name="loginPageTitleTest" time="12.516" classname="com.crm.qa.tests.LoginTest"/>
  <testcase name="loginTest" time="12.244" classname="com.crm.qa.tests.LoginTest"/>
</testsuite> <!-- com.crm.qa.tests.LoginTest -->
