<?xml version="1.0" encoding="UTF-8"?>
<!-- Generated by org.testng.reporters.JUnitReportReporter -->
<testsuite skipped="0" hostname="NEWNODE64" name="com.qa.testng.practice2.ParallelExecutionOfMethods" tests="2" failures="0" timestamp="10 Aug 2018 09:38:21 GMT" time="0.053" errors="0">
  <testcase name="testTwo" time="0.025" classname="com.qa.testng.practice2.ParallelExecutionOfMethods"/>
  <testcase name="testOne" time="0.028" classname="com.qa.testng.practice2.ParallelExecutionOfMethods"/>
</testsuite> <!-- com.qa.testng.practice2.ParallelExecutionOfMethods -->
