<?xml version="1.0" encoding="UTF-8"?>
<!-- Generated by org.testng.reporters.JUnitReportReporter -->
<testsuite skipped="0" hostname="NEWNODE64" name="com.qa.testng.practice2.Assertions" tests="6" failures="0" timestamp="26 Jul 2018 07:20:58 GMT" time="0.011" errors="0">
  <testcase name="testOne" time="0.001" classname="com.qa.testng.practice2.Assertions"/>
  <testcase name="testThree" time="0.001" classname="com.qa.testng.practice2.Assertions"/>
  <testcase name="testTwo" time="0.000" classname="com.qa.testng.practice2.Assertions"/>
  <testcase name="testFive" time="0.007" classname="com.qa.testng.practice2.Assertions"/>
  <testcase name="testFour" time="0.001" classname="com.qa.testng.practice2.Assertions"/>
  <testcase name="testSix" time="0.001" classname="com.qa.testng.practice2.Assertions"/>
</testsuite> <!-- com.qa.testng.practice2.Assertions -->
