<?xml version="1.0" encoding="UTF-8"?>
<!-- Generated by org.testng.reporters.JUnitReportReporter -->
<testsuite skipped="0" hostname="NEWNODE64" name="com.crm.qa.tests.CalendarTest" tests="1" failures="0" timestamp="07 Aug 2018 08:57:29 GMT" time="31.396" errors="0">
  <testcase name="gotoCalendarWeekView" time="31.396" classname="com.crm.qa.tests.CalendarTest"/>
</testsuite> <!-- com.crm.qa.tests.CalendarTest -->
