<?xml version="1.0" encoding="UTF-8"?>
<!-- Generated by org.testng.reporters.JUnitReportReporter -->
<testsuite skipped="3" hostname="NEWNODE64" name="com.qa.reports.practice.multipleclasses.Functionality2" tests="3" failures="0" timestamp="16 Jul 2018 12:55:26 GMT" time="0.000" errors="0">
  <testcase name="functionality2Test1" time="0.000" classname="com.qa.reports.practice.multipleclasses.Functionality2">
    <skipped/>
  </testcase> <!-- functionality2Test1 -->
  <testcase name="functionality2Test3" time="0.000" classname="com.qa.reports.practice.multipleclasses.Functionality2">
    <skipped/>
  </testcase> <!-- functionality2Test3 -->
  <testcase name="functionality2Test2" time="0.000" classname="com.qa.reports.practice.multipleclasses.Functionality2">
    <skipped/>
  </testcase> <!-- functionality2Test2 -->
</testsuite> <!-- com.qa.reports.practice.multipleclasses.Functionality2 -->
