<?xml version="1.0" encoding="UTF-8"?>
<!-- Generated by org.testng.reporters.JUnitReportReporter -->
<testsuite skipped="0" hostname="NEWNODE64" name="com.qa.selenium.samples.ReadingDataDromTables" tests="1" failures="0" timestamp="01 Aug 2018 12:44:03 GMT" time="12.795" errors="0">
  <testcase name="test" time="12.795" classname="com.qa.selenium.samples.ReadingDataDromTables"/>
</testsuite> <!-- com.qa.selenium.samples.ReadingDataDromTables -->
