<?xml version="1.0" encoding="UTF-8"?>
<!-- Generated by org.testng.reporters.JUnitReportReporter -->
<testsuite skipped="0" hostname="NEWNODE64" name="com.crm.qa.tests.SignUpTest" tests="2" failures="0" timestamp="13 Aug 2018 08:13:01 GMT" time="43.247" errors="0">
  <testcase name="gotoSignUpPage" time="19.149" classname="com.crm.qa.tests.SignUpTest"/>
  <testcase name="fillSignUpDetails" time="24.098" classname="com.crm.qa.tests.SignUpTest"/>
</testsuite> <!-- com.crm.qa.tests.SignUpTest -->
