<?xml version="1.0" encoding="UTF-8"?>
<!-- Generated by org.testng.reporters.JUnitReportReporter -->
<testsuite skipped="0" hostname="NEWNODE64" name="com.crm.qa.tests.NewCallPageTest" tests="1" failures="0" timestamp="18 Jun 2018 08:54:18 GMT" time="46.999" errors="0">
  <testcase name="loginTest" time="46.999" classname="com.crm.qa.tests.NewCallPageTest"/>
</testsuite> <!-- com.crm.qa.tests.NewCallPageTest -->
