<?xml version="1.0" encoding="UTF-8"?>
<!-- Generated by org.testng.reporters.JUnitReportReporter -->
<testsuite skipped="0" hostname="NEWNODE64" name="com.qa.WaitingInSelenium" tests="1" failures="0" timestamp="28 Jun 2018 09:52:11 GMT" time="7.260" errors="0">
  <testcase name="handlingAlerts" time="7.260" classname="com.qa.WaitingInSelenium"/>
</testsuite> <!-- com.qa.WaitingInSelenium -->
