<?xml version="1.0" encoding="UTF-8"?>
<!-- Generated by org.testng.reporters.JUnitReportReporter -->
<testsuite skipped="0" hostname="NEWNODE64" name="com.crm.qa.tests.CampaignsTest" tests="1" failures="0" timestamp="12 Jul 2018 13:36:57 GMT" time="20.723" errors="0">
  <testcase name="compaignsTest" time="20.723" classname="com.crm.qa.tests.CampaignsTest"/>
</testsuite> <!-- com.crm.qa.tests.CampaignsTest -->
