<?xml version="1.0" encoding="UTF-8"?>
<!-- Generated by org.testng.reporters.JUnitReportReporter -->
<testsuite skipped="2" hostname="NEWNODE64" name="com.qa.testng.practice2.SkippingATest" tests="3" failures="0" timestamp="25 Jul 2018 10:33:20 GMT" time="0.008" errors="0">
  <testcase name="testTwo" time="0.001" classname="com.qa.testng.practice2.SkippingATest">
    <skipped/>
  </testcase> <!-- testTwo -->
  <testcase name="testOne" time="0.006" classname="com.qa.testng.practice2.SkippingATest">
    <skipped/>
  </testcase> <!-- testOne -->
  <testcase name="testThree" time="0.001" classname="com.qa.testng.practice2.SkippingATest"/>
</testsuite> <!-- com.qa.testng.practice2.SkippingATest -->
