<?xml version="1.0" encoding="UTF-8"?>
<!-- Generated by org.testng.reporters.JUnitReportReporter -->
<testsuite skipped="0" hostname="NEWNODE64" name="com.crm.qa.tests.ReportsTest" tests="1" failures="0" timestamp="29 Jun 2018 11:38:47 GMT" time="14.345" errors="0">
  <testcase name="ImportPageTest" time="14.345" classname="com.crm.qa.tests.ReportsTest"/>
</testsuite> <!-- com.crm.qa.tests.ReportsTest -->
