<?xml version="1.0" encoding="UTF-8"?>
<!-- Generated by org.testng.reporters.JUnitReportReporter -->
<testsuite skipped="0" hostname="NEWNODE64" name="com.crm.qa.tests.Listenr" tests="1" failures="0" timestamp="31 May 2018 06:46:07 GMT" time="0.000" errors="0">
  <testcase name="TestOne" time="0.000" classname="com.crm.qa.tests.Listenr"/>
</testsuite> <!-- com.crm.qa.tests.Listenr -->
