<?xml version="1.0" encoding="UTF-8"?>
<!-- Generated by org.testng.reporters.JUnitReportReporter -->
<testsuite skipped="0" hostname="NEWNODE64" name="com.qa.testng.practice2.ParallelExecutionOfMethods" tests="2" failures="0" timestamp="01 Aug 2018 11:31:39 GMT" time="0.035" errors="0">
  <testcase name="testOne" time="0.016" classname="com.qa.testng.practice2.ParallelExecutionOfMethods"/>
  <testcase name="testTwo" time="0.019" classname="com.qa.testng.practice2.ParallelExecutionOfMethods"/>
</testsuite> <!-- com.qa.testng.practice2.ParallelExecutionOfMethods -->
