<?xml version="1.0" encoding="UTF-8"?>
<!-- Generated by org.testng.reporters.JUnitReportReporter -->
<testsuite skipped="2" hostname="NEWNODE64" name="com.qa.testng.practice.TestNGAnnotationsDemoSixteen" tests="3" failures="0" timestamp="12 Jun 2018 10:11:21 GMT" time="14.748" errors="0">
  <testcase name="testLogin2" time="14.748" classname="com.qa.testng.practice.TestNGAnnotationsDemoSixteen"/>
  <testcase name="testLogin3" classname="com.qa.testng.practice.TestNGAnnotationsDemoSixteen">
    <skipped/>
  </testcase> <!-- testLogin3 -->
  <testcase name="testLogin" classname="com.qa.testng.practice.TestNGAnnotationsDemoSixteen">
    <skipped/>
  </testcase> <!-- testLogin -->
</testsuite> <!-- com.qa.testng.practice.TestNGAnnotationsDemoSixteen -->
