<?xml version="1.0" encoding="UTF-8"?>
<!-- Generated by org.testng.reporters.JUnitReportReporter -->
<testsuite skipped="0" hostname="NEWNODE64" name="com.crm.qa.tests.DocPageTest" tests="1" failures="0" timestamp="11 Jun 2018 09:30:56 GMT" time="22.528" errors="0">
  <testcase name="docPageTest" time="22.528" classname="com.crm.qa.tests.DocPageTest"/>
</testsuite> <!-- com.crm.qa.tests.DocPageTest -->
