<?xml version="1.0" encoding="UTF-8"?>
<!-- Generated by org.testng.reporters.JUnitReportReporter -->
<testsuite skipped="1" hostname="NEWNODE64" name="com.qa.testng.practice2.Priority" tests="3" failures="0" timestamp="25 Jul 2018 09:41:36 GMT" time="0.006" errors="0">
  <testcase name="testOne" time="0.006" classname="com.qa.testng.practice2.Priority"/>
  <testcase name="testThree" time="0.000" classname="com.qa.testng.practice2.Priority"/>
  <testcase name="testTwo" classname="com.qa.testng.practice2.Priority">
    <skipped/>
  </testcase> <!-- testTwo -->
</testsuite> <!-- com.qa.testng.practice2.Priority -->
