<?xml version="1.0" encoding="UTF-8"?>
<!-- Generated by org.testng.reporters.JUnitReportReporter -->
<testsuite skipped="0" hostname="NEWNODE64" name="com.qa.javascriptexecutor.HowToScollIntoView" tests="1" failures="0" timestamp="20 Jul 2018 09:49:09 GMT" time="15.408" errors="0">
  <testcase name="howToScollIntoView" time="15.408" classname="com.qa.javascriptexecutor.HowToScollIntoView"/>
</testsuite> <!-- com.qa.javascriptexecutor.HowToScollIntoView -->
