<?xml version="1.0" encoding="UTF-8"?>
<!-- Generated by org.testng.reporters.JUnitReportReporter -->
<testsuite skipped="0" hostname="NEWNODE64" name="com.qa.testng.practice2.Demo" tests="2" failures="0" timestamp="25 Jul 2018 09:29:13 GMT" time="29.647" errors="0">
  <testcase name="freeCRM" time="17.730" classname="com.qa.testng.practice2.Demo"/>
  <testcase name="redBus" time="11.917" classname="com.qa.testng.practice2.Demo"/>
</testsuite> <!-- com.qa.testng.practice2.Demo -->
