<?xml version="1.0" encoding="UTF-8"?>
<!-- Generated by org.testng.reporters.JUnitReportReporter -->
<testsuite skipped="0" hostname="NEWNODE64" name="com.qa.testng.practice2.RedBus" tests="1" failures="0" timestamp="25 Jul 2018 11:32:53 GMT" time="10.138" errors="0">
  <testcase name="redBus" time="10.138" classname="com.qa.testng.practice2.RedBus"/>
</testsuite> <!-- com.qa.testng.practice2.RedBus -->
