<?xml version="1.0" encoding="UTF-8"?>
<!-- Generated by org.testng.reporters.JUnitReportReporter -->
<testsuite skipped="0" hostname="NEWNODE64" name="com.qa.handlingwindowsandalerts.HandlingAlerts" tests="1" failures="0" timestamp="08 Aug 2018 10:52:51 GMT" time="8.368" errors="0">
  <testcase name="handlingAlerts" time="8.368" classname="com.qa.handlingwindowsandalerts.HandlingAlerts"/>
</testsuite> <!-- com.qa.handlingwindowsandalerts.HandlingAlerts -->
