<?xml version="1.0" encoding="UTF-8"?>
<!-- Generated by org.testng.reporters.JUnitReportReporter -->
<testsuite skipped="0" hostname="NEWNODE64" name="com.qa.testng.practice2.BeforeAndAfterAnnotations" tests="4" failures="0" timestamp="25 Jul 2018 12:15:54 GMT" time="0.009" errors="0">
  <testcase name="secondGroupMethodOne" time="0.003" classname="com.qa.testng.practice2.BeforeAndAfterAnnotations"/>
  <testcase name="firstGroupMethodOne" time="0.003" classname="com.qa.testng.practice2.BeforeAndAfterAnnotations"/>
  <testcase name="firstGroupMethodTwo" time="0.002" classname="com.qa.testng.practice2.BeforeAndAfterAnnotations"/>
  <testcase name="secondGroupMethodTwo" time="0.001" classname="com.qa.testng.practice2.BeforeAndAfterAnnotations"/>
</testsuite> <!-- com.qa.testng.practice2.BeforeAndAfterAnnotations -->
