<?xml version="1.0" encoding="UTF-8"?>
<!-- Generated by org.testng.reporters.JUnitReportReporter -->
<testsuite skipped="0" hostname="NEWNODE64" name="com.qa.testng.practice.Demo3" tests="2" failures="0" timestamp="26 Jul 2018 08:18:46 GMT" time="11.008" errors="0">
  <testcase name="function2" time="5.502" classname="com.qa.testng.practice.Demo3"/>
  <testcase name="function1" time="5.506" classname="com.qa.testng.practice.Demo3"/>
</testsuite> <!-- com.qa.testng.practice.Demo3 -->
