<?xml version="1.0" encoding="UTF-8"?>
<!-- Generated by org.testng.reporters.JUnitReportReporter -->
<testsuite skipped="0" hostname="NEWNODE64" name="com.qa.javascriptexctr.HowToScollIntoView" tests="1" failures="0" timestamp="28 Jun 2018 10:38:20 GMT" time="12.181" errors="0">
  <testcase name="howToScollIntoView" time="12.181" classname="com.qa.javascriptexctr.HowToScollIntoView"/>
</testsuite> <!-- com.qa.javascriptexctr.HowToScollIntoView -->
