<?xml version="1.0" encoding="UTF-8"?>
<!-- Generated by org.testng.reporters.JUnitReportReporter -->
<testsuite skipped="1" hostname="NEWNODE64" name="com.crm.qa.tests.DealsPageTest" tests="2" failures="0" timestamp="11 Jun 2018 13:45:34 GMT" time="22.624" errors="0">
  <testcase name="goToNewDealTest" time="22.624" classname="com.crm.qa.tests.DealsPageTest"/>
  <testcase name="gotoDealsPageTest" classname="com.crm.qa.tests.DealsPageTest">
    <skipped/>
  </testcase> <!-- gotoDealsPageTest -->
</testsuite> <!-- com.crm.qa.tests.DealsPageTest -->
