<?xml version="1.0" encoding="UTF-8"?>
<!-- Generated by org.testng.reporters.JUnitReportReporter -->
<testsuite skipped="0" hostname="NEWNODE64" name="com.qa.testng.practice2.Description" tests="3" failures="0" timestamp="01 Aug 2018 10:04:39 GMT" time="0.013" errors="0">
  <testcase name="testThree" time="0.001" classname="com.qa.testng.practice2.Description"/>
  <testcase name="testOne" time="0.011" classname="com.qa.testng.practice2.Description"/>
  <testcase name="testTwo" time="0.001" classname="com.qa.testng.practice2.Description"/>
</testsuite> <!-- com.qa.testng.practice2.Description -->
