<?xml version="1.0" encoding="UTF-8"?>
<!-- Generated by org.testng.reporters.JUnitReportReporter -->
<testsuite skipped="0" hostname="NEWNODE64" name="com.qa.reports.practice.CreatingLogsInExtentReports" tests="1" failures="0" timestamp="16 Jul 2018 13:24:25 GMT" time="0.015" errors="0">
  <testcase name="logGeneration" time="0.015" classname="com.qa.reports.practice.CreatingLogsInExtentReports"/>
</testsuite> <!-- com.qa.reports.practice.CreatingLogsInExtentReports -->
