<?xml version="1.0" encoding="UTF-8"?>
<!-- Generated by org.testng.reporters.JUnitReportReporter -->
<testsuite skipped="0" hostname="NEWNODE64" name="com.qa.selenium.samples.FindingAllTheLinks" tests="1" failures="0" timestamp="17 Jul 2018 09:54:41 GMT" time="27.363" errors="0">
  <testcase name="Linkstest" time="27.363" classname="com.qa.selenium.samples.FindingAllTheLinks"/>
</testsuite> <!-- com.qa.selenium.samples.FindingAllTheLinks -->
