<?xml version="1.0" encoding="UTF-8"?>
<!-- Generated by org.testng.reporters.JUnitReportReporter -->
<testsuite skipped="0" hostname="NEWNODE64" name="com.qa.screenshots.sample.RobotClass" tests="1" failures="0" timestamp="31 Jul 2018 10:10:23 GMT" time="12.337" errors="0">
  <testcase name="handlingAlerts" time="12.337" classname="com.qa.screenshots.sample.RobotClass"/>
</testsuite> <!-- com.qa.screenshots.sample.RobotClass -->
