<?xml version="1.0" encoding="UTF-8"?>
<!-- Generated by org.testng.reporters.JUnitReportReporter -->
<testsuite skipped="0" hostname="NEWNODE64" name="com.qa.handlingwindowsandalerts.AlertsHandle" tests="1" failures="0" timestamp="08 Aug 2018 10:54:10 GMT" time="14.286" errors="0">
  <testcase name="handlingAlerts" time="14.286" classname="com.qa.handlingwindowsandalerts.AlertsHandle"/>
</testsuite> <!-- com.qa.handlingwindowsandalerts.AlertsHandle -->
