<?xml version="1.0" encoding="UTF-8"?>
<!-- Generated by org.testng.reporters.JUnitReportReporter -->
<testsuite skipped="0" hostname="NEWNODE64" name="com.qa.testng.practice.Demo" tests="2" failures="0" timestamp="01 Aug 2018 09:30:42 GMT" time="55.538" errors="0">
  <testcase name="function" time="39.175" classname="com.qa.testng.practice.Demo"/>
  <testcase name="function" time="16.363" classname="com.qa.testng.practice.Demo"/>
</testsuite> <!-- com.qa.testng.practice.Demo -->
