<?xml version="1.0" encoding="UTF-8"?>
<!-- Generated by org.testng.reporters.JUnitReportReporter -->
<testsuite skipped="0" hostname="NEWNODE64" name="com.crm.qa.tests.FormPageTest" tests="1" failures="0" timestamp="13 Jun 2018 08:30:04 GMT" time="18.023" errors="0">
  <testcase name="feedbackFormPageTest" time="18.023" classname="com.crm.qa.tests.FormPageTest"/>
</testsuite> <!-- com.crm.qa.tests.FormPageTest -->
