<?xml version="1.0" encoding="UTF-8"?>
<!-- Generated by org.testng.reporters.JUnitReportReporter -->
<testsuite skipped="0" hostname="NEWNODE64" name="com.qa.readDataFromTableIntoExcel.ReadingDataDromTables" tests="1" failures="0" timestamp="01 Aug 2018 13:16:30 GMT" time="8.352" errors="0">
  <testcase name="test" time="8.352" classname="com.qa.readDataFromTableIntoExcel.ReadingDataDromTables"/>
</testsuite> <!-- com.qa.readDataFromTableIntoExcel.ReadingDataDromTables -->
