<?xml version="1.0" encoding="UTF-8"?>
<!-- Generated by org.testng.reporters.JUnitReportReporter -->
<testsuite skipped="0" hostname="NEWNODE64" name="com.qa.handlingwindowsandalerts.AlertsHandle" tests="1" failures="0" timestamp="17 Jul 2018 13:26:46 GMT" time="15.302" errors="0">
  <testcase name="handlingAlerts" time="15.302" classname="com.qa.handlingwindowsandalerts.AlertsHandle"/>
</testsuite> <!-- com.qa.handlingwindowsandalerts.AlertsHandle -->
