<?xml version="1.0" encoding="UTF-8"?>
<!-- Generated by org.testng.reporters.JUnitReportReporter -->
<testsuite skipped="0" hostname="NEWNODE64" name="com.crm.qa.tests.CombinedFormTest" tests="1" failures="0" timestamp="02 Jul 2018 07:54:06 GMT" time="24.607" errors="0">
  <testcase name="feedbackFormPageTest" time="24.607" classname="com.crm.qa.tests.CombinedFormTest"/>
</testsuite> <!-- com.crm.qa.tests.CombinedFormTest -->
