<?xml version="1.0" encoding="UTF-8"?>
<!-- Generated by org.testng.reporters.JUnitReportReporter -->
<testsuite skipped="1" hostname="NEWNODE64" name="com.crm.qa.tests.ContactsPageTest" tests="2" failures="0" timestamp="11 Jun 2018 10:03:06 GMT" time="16.943" errors="0">
  <testcase name="selectContactsByNameTest" time="16.943" classname="com.crm.qa.tests.ContactsPageTest"/>
  <testcase name="verifyContactsLabelTest" classname="com.crm.qa.tests.ContactsPageTest">
    <skipped/>
  </testcase> <!-- verifyContactsLabelTest -->
</testsuite> <!-- com.crm.qa.tests.ContactsPageTest -->
