<?xml version="1.0" encoding="UTF-8"?>
<!-- Generated by org.testng.reporters.JUnitReportReporter -->
<testsuite skipped="0" hostname="NEWNODE64" name="com.qa.testng.practice.Demo2" tests="2" failures="0" timestamp="12 Jun 2018 09:13:41 GMT" time="42.888" errors="0">
  <testcase name="SampleTest" time="26.331" classname="com.qa.testng.practice.Demo2"/>
  <testcase name="SampleTest2" time="16.557" classname="com.qa.testng.practice.Demo2"/>
</testsuite> <!-- com.qa.testng.practice.Demo2 -->
