<?xml version="1.0" encoding="UTF-8"?>
<!-- Generated by org.testng.reporters.JUnitReportReporter -->
<testsuite skipped="0" hostname="NEWNODE64" name="com.qa.testng.practice2.InvocationCount$Priority" tests="7" failures="0" timestamp="25 Jul 2018 12:48:59 GMT" time="0.010" errors="0">
  <testcase name="testOne" time="0.006" classname="com.qa.testng.practice2.InvocationCount$Priority"/>
  <testcase name="testTwo" time="0.000" classname="com.qa.testng.practice2.InvocationCount$Priority"/>
  <testcase name="testTwo" time="0.001" classname="com.qa.testng.practice2.InvocationCount$Priority"/>
  <testcase name="testThree" time="0.000" classname="com.qa.testng.practice2.InvocationCount$Priority"/>
  <testcase name="testTwo" time="0.001" classname="com.qa.testng.practice2.InvocationCount$Priority"/>
  <testcase name="testTwo" time="0.001" classname="com.qa.testng.practice2.InvocationCount$Priority"/>
  <testcase name="testTwo" time="0.001" classname="com.qa.testng.practice2.InvocationCount$Priority"/>
</testsuite> <!-- com.qa.testng.practice2.InvocationCount$Priority -->
