<?xml version="1.0" encoding="UTF-8"?>
<!-- Generated by org.testng.reporters.JUnitReportReporter -->
<testsuite skipped="0" hostname="NEWNODE64" name="com.crm.qa.tests.HomePageTest" tests="3" failures="0" timestamp="11 Jun 2018 09:51:04 GMT" time="46.286" errors="0">
  <testcase name="verifyHomePageTitleTest" time="16.954" classname="com.crm.qa.tests.HomePageTest"/>
  <testcase name="verifyUserNameTest" time="14.447" classname="com.crm.qa.tests.HomePageTest"/>
  <testcase name="clickonContactsTest" time="14.885" classname="com.crm.qa.tests.HomePageTest"/>
</testsuite> <!-- com.crm.qa.tests.HomePageTest -->
