<?xml version="1.0" encoding="UTF-8"?>
<!-- Generated by org.testng.reporters.JUnitReportReporter -->
<testsuite skipped="0" hostname="NEWNODE64" name="com.qa.testng.practice2.RedBus" tests="1" failures="0" timestamp="10 Aug 2018 08:44:12 GMT" time="34.324" errors="0">
  <testcase name="redBus" time="34.324" classname="com.qa.testng.practice2.RedBus"/>
</testsuite> <!-- com.qa.testng.practice2.RedBus -->
