<?xml version="1.0" encoding="UTF-8"?>
<!-- Generated by org.testng.reporters.JUnitReportReporter -->
<testsuite skipped="0" hostname="NEWNODE64" name="com.qa.testng.practice2.ExceptionTest" tests="1" failures="0" timestamp="25 Jul 2018 13:07:21 GMT" time="0.007" errors="0">
  <testcase name="exceptionTestOne" time="0.007" classname="com.qa.testng.practice2.ExceptionTest"/>
</testsuite> <!-- com.qa.testng.practice2.ExceptionTest -->
