<?xml version="1.0" encoding="UTF-8"?>
<!-- Generated by org.testng.reporters.JUnitReportReporter -->
<testsuite skipped="0" hostname="NEWNODE64" name="com.crm.qa.tests.ImportTest" tests="1" failures="0" timestamp="29 Jun 2018 11:23:05 GMT" time="16.137" errors="0">
  <testcase name="ImportPageTest" time="16.137" classname="com.crm.qa.tests.ImportTest"/>
</testsuite> <!-- com.crm.qa.tests.ImportTest -->
