<?xml version="1.0" encoding="UTF-8"?>
<!-- Generated by org.testng.reporters.JUnitReportReporter -->
<testsuite skipped="0" hostname="NEWNODE64" name="com.qa.javascriptexecutor.JavaScriptExamplesinSelenium" tests="1" failures="0" timestamp="20 Jul 2018 10:01:38 GMT" time="19.879" errors="0">
  <testcase name="howToScollIntoView" time="19.879" classname="com.qa.javascriptexecutor.JavaScriptExamplesinSelenium"/>
</testsuite> <!-- com.qa.javascriptexecutor.JavaScriptExamplesinSelenium -->
