<?xml version="1.0" encoding="UTF-8"?>
<!-- Generated by org.testng.reporters.JUnitReportReporter -->
<testsuite skipped="0" hostname="NEWNODE64" name="com.qa.testng.practice2.ParallelExectionOfClasses1" tests="1" failures="0" timestamp="26 Jul 2018 08:27:32 GMT" time="0.008" errors="0">
  <testcase name="testOne" time="0.008" classname="com.qa.testng.practice2.ParallelExectionOfClasses1"/>
</testsuite> <!-- com.qa.testng.practice2.ParallelExectionOfClasses1 -->
