<?xml version="1.0" encoding="UTF-8"?>
<!-- Generated by org.testng.reporters.JUnitReportReporter -->
<testsuite skipped="2" hostname="NEWNODE64" name="com.qa.testng.practice2.SkippingATest" tests="3" failures="0" timestamp="10 Aug 2018 08:57:06 GMT" time="0.009" errors="0">
  <testcase name="testTwo" time="0.001" classname="com.qa.testng.practice2.SkippingATest">
    <skipped/>
  </testcase> <!-- testTwo -->
  <testcase name="testOne" time="0.007" classname="com.qa.testng.practice2.SkippingATest">
    <skipped/>
  </testcase> <!-- testOne -->
  <testcase name="testThree" time="0.001" classname="com.qa.testng.practice2.SkippingATest"/>
</testsuite> <!-- com.qa.testng.practice2.SkippingATest -->
