<?xml version="1.0" encoding="UTF-8"?>
<!-- Generated by org.testng.reporters.JUnitReportReporter -->
<testsuite skipped="0" hostname="NEWNODE64" name="com.qa.screenshots.sample.RobotClass" tests="1" failures="0" timestamp="09 Aug 2018 09:16:33 GMT" time="11.411" errors="0">
  <testcase name="handlingAlerts" time="11.411" classname="com.qa.screenshots.sample.RobotClass"/>
</testsuite> <!-- com.qa.screenshots.sample.RobotClass -->
