<?xml version="1.0" encoding="UTF-8"?>
<!-- Generated by org.testng.reporters.JUnitReportReporter -->
<testsuite skipped="0" hostname="NEWNODE64" name="com.crm.qa.tests.HomePageTest" tests="3" failures="0" timestamp="16 Jul 2018 06:51:25 GMT" time="46.860" errors="0">
  <testcase name="verifyHomePageTitleTest" time="16.297" classname="com.crm.qa.tests.HomePageTest"/>
  <testcase name="verifyUserNameTest" time="15.432" classname="com.crm.qa.tests.HomePageTest"/>
  <testcase name="clickonContactsTest" time="15.131" classname="com.crm.qa.tests.HomePageTest"/>
</testsuite> <!-- com.crm.qa.tests.HomePageTest -->
