<?xml version="1.0" encoding="UTF-8"?>
<!-- Generated by org.testng.reporters.JUnitReportReporter -->
<testsuite skipped="0" hostname="NEWNODE64" name="com.qa.selenium.samples.FindingAllTheLinks" tests="1" failures="0" timestamp="28 Jun 2018 08:00:16 GMT" time="249.253" errors="0">
  <testcase name="Linkstest" time="249.253" classname="com.qa.selenium.samples.FindingAllTheLinks"/>
</testsuite> <!-- com.qa.selenium.samples.FindingAllTheLinks -->
