<?xml version="1.0" encoding="UTF-8"?>
<!-- Generated by org.testng.reporters.JUnitReportReporter -->
<testsuite skipped="1" hostname="NEWNODE64" name="com.qa.testng.practice2.Enabled" tests="3" failures="0" timestamp="25 Jul 2018 09:42:34 GMT" time="0.008" errors="0">
  <testcase name="testOne" time="0.007" classname="com.qa.testng.practice2.Enabled"/>
  <testcase name="testThree" time="0.001" classname="com.qa.testng.practice2.Enabled"/>
  <testcase name="testTwo" classname="com.qa.testng.practice2.Enabled">
    <skipped/>
  </testcase> <!-- testTwo -->
</testsuite> <!-- com.qa.testng.practice2.Enabled -->
