<?xml version="1.0" encoding="UTF-8"?>
<!-- Generated by org.testng.reporters.JUnitReportReporter -->
<testsuite skipped="0" hostname="NEWNODE64" name="com.qa.WaitingInSelenium" tests="1" failures="0" timestamp="30 Jul 2018 11:56:38 GMT" time="7.527" errors="0">
  <testcase name="handlingAlerts" time="7.527" classname="com.qa.WaitingInSelenium"/>
</testsuite> <!-- com.qa.WaitingInSelenium -->
