<?xml version="1.0" encoding="UTF-8"?>
<!-- Generated by org.testng.reporters.JUnitReportReporter -->
<testsuite skipped="0" hostname="NEWNODE64" name="com.qa.handlingwindows.HandlingWindows" tests="1" failures="0" timestamp="28 Jun 2018 08:31:43 GMT" time="17.545" errors="0">
  <testcase name="handlingWindowPopups" time="17.545" classname="com.qa.handlingwindows.HandlingWindows"/>
</testsuite> <!-- com.qa.handlingwindows.HandlingWindows -->
