<?xml version="1.0" encoding="UTF-8"?>
<!-- Generated by org.testng.reporters.JUnitReportReporter -->
<testsuite skipped="0" hostname="NEWNODE64" name="com.qa.handlingwindowsandalerts.HandlingWindows" tests="1" failures="0" timestamp="17 Jul 2018 11:48:32 GMT" time="14.105" errors="0">
  <testcase name="handlingWindowPopups" time="14.105" classname="com.qa.handlingwindowsandalerts.HandlingWindows"/>
</testsuite> <!-- com.qa.handlingwindowsandalerts.HandlingWindows -->
