<?xml version="1.0" encoding="UTF-8"?>
<!-- Generated by org.testng.reporters.JUnitReportReporter -->
<testsuite skipped="1" hostname="NEWNODE64" name="com.crm.qa.tests.ContactsPageTest" tests="2" failures="0" timestamp="13 Jul 2018 09:38:08 GMT" time="26.651" errors="0">
  <testcase name="selectContactsByNameTest" time="26.651" classname="com.crm.qa.tests.ContactsPageTest"/>
  <testcase name="verifyContactsLabelTest" classname="com.crm.qa.tests.ContactsPageTest">
    <skipped/>
  </testcase> <!-- verifyContactsLabelTest -->
</testsuite> <!-- com.crm.qa.tests.ContactsPageTest -->
