<?xml version="1.0" encoding="UTF-8"?>
<!-- Generated by org.testng.reporters.JUnitReportReporter -->
<testsuite skipped="0" hostname="NEWNODE64" name="com.qa.selenium.samples.HandlingKeyboard" tests="1" failures="0" timestamp="19 Jul 2018 07:22:16 GMT" time="14.149" errors="0">
  <testcase name="JavaSearch" time="14.149" classname="com.qa.selenium.samples.HandlingKeyboard"/>
</testsuite> <!-- com.qa.selenium.samples.HandlingKeyboard -->
