<?xml version="1.0" encoding="UTF-8"?>
<!-- Generated by org.testng.reporters.JUnitReportReporter -->
<testsuite skipped="0" hostname="NEWNODE64" name="com.qa.testng.practice2.DataDriven.CreateNewCompany" tests="2" failures="0" timestamp="26 Jul 2018 11:43:14 GMT" time="26.763" errors="0">
  <testcase name="loginTest" time="13.277" classname="com.qa.testng.practice2.DataDriven.CreateNewCompany"/>
  <testcase name="loginTest" time="13.486" classname="com.qa.testng.practice2.DataDriven.CreateNewCompany"/>
</testsuite> <!-- com.qa.testng.practice2.DataDriven.CreateNewCompany -->
