<?xml version="1.0" encoding="UTF-8"?>
<!-- Generated by org.testng.reporters.JUnitReportReporter -->
<testsuite skipped="0" hostname="NEWNODE64" name="com.qa.handlingwindowsandalerts.HandlingAlerts" tests="1" failures="0" timestamp="30 Jul 2018 10:38:30 GMT" time="9.119" errors="0">
  <testcase name="handlingAlerts" time="9.119" classname="com.qa.handlingwindowsandalerts.HandlingAlerts"/>
</testsuite> <!-- com.qa.handlingwindowsandalerts.HandlingAlerts -->
