<?xml version="1.0" encoding="UTF-8"?>
<!-- Generated by org.testng.reporters.JUnitReportReporter -->
<testsuite skipped="0" hostname="NEWNODE64" name="com.qa.handlingwindowsandalerts.HandlingAlerts" tests="1" failures="0" timestamp="28 Jun 2018 08:44:13 GMT" time="11.985" errors="0">
  <testcase name="handlingAlerts" time="11.985" classname="com.qa.handlingwindowsandalerts.HandlingAlerts"/>
</testsuite> <!-- com.qa.handlingwindowsandalerts.HandlingAlerts -->
